This is pdfTeX, Version 3.14159265-2.6-1.40.20 (MiKTeX 2.9.7200 64-bit) (preloaded format=pdflatex 2019.11.8)  13 DEC 2019 09:57
entering extended mode
**c:/Users/CST7/OneDrive/DAW2/Angular/Documentación/main.tex
(c:/Users/CST7/OneDrive/DAW2/Angular/Documentación/main.tex
LaTeX2e <2019-10-01> patch level 1
(C:\LaTex\tex/latex/base\book.cls
Document Class: book 2019/08/27 v1.4j Standard LaTeX document class
(C:\LaTex\tex/latex/base\bk10.clo
File: bk10.clo 2019/08/27 v1.4j Standard LaTeX file (size option)
)
\c@part=\count80
\c@chapter=\count81
\c@section=\count82
\c@subsection=\count83
\c@subsubsection=\count84
\c@paragraph=\count85
\c@subparagraph=\count86
\c@figure=\count87
\c@table=\count88
\abovecaptionskip=\skip41
\belowcaptionskip=\skip42
\bibindent=\dimen102
) (C:\LaTex\tex/latex/pagenote\pagenote.sty
Package: pagenote 2009/09/03 v1.1a page/end notes
 (C:\LaTex\tex/latex/ifmtarg\ifmtarg.sty
Package: ifmtarg 2018/04/16 v1.2b check for an empty argument
)
\c@pagenote=\count89
\c@pnotesavechap=\count90
) (C:\LaTex\tex/generic/babel\babel.sty
Package: babel 2019/10/15 3.35 The Babel package
 (C:\LaTex\tex/generic/babel\switch.def
File: switch.def 2019/10/15 3.35 Babel switching mechanism
)
*************************************
* Local config file bblopts.cfg used
*
(C:\LaTex\tex/latex/arabi\bblopts.cfg
File: bblopts.cfg 2005/09/08 v0.1 add Arabic and Farsi to "declared" options of babel
) (C:\LaTex\tex/latex/babel-english\english.ldf
Language: english 2017/06/06 v3.3r English support from the babel system
 (C:\LaTex\tex/generic/babel\babel.def
File: babel.def 2019/10/15 3.35 Babel common definitions
\babel@savecnt=\count91
\U@D=\dimen103
 (C:\LaTex\tex/generic/babel\txtbabel.def)
\bbl@dirlevel=\count92
)
\l@canadian = a dialect from \language\l@american 
\l@australian = a dialect from \language\l@british 
\l@newzealand = a dialect from \language\l@british 
) (C:\LaTex\tex/latex/babel-spanish\spanish.ldf
Language: spanish.ldf 2016/03/03 v5.0p Spanish support from the babel system
\es@quottoks=\toks14
\es@quotdepth=\count93
Package babel Info: Making " an active character on input line 561.
Package babel Info: Making . an active character on input line 662.
Package babel Info: Making < an active character on input line 707.
Package babel Info: Making > an active character on input line 707.
)) (C:\LaTex\tex/latex/base\inputenc.sty
Package: inputenc 2018/08/11 v1.3c Input encoding file
\inpenc@prehook=\toks15
\inpenc@posthook=\toks16
) (C:\LaTex\tex/latex/graphics\graphicx.sty
Package: graphicx 2017/06/01 v1.1a Enhanced LaTeX Graphics (DPC,SPQR)
 (C:\LaTex\tex/latex/graphics\keyval.sty
Package: keyval 2014/10/28 v1.15 key=value parser (DPC)
\KV@toks@=\toks17
) (C:\LaTex\tex/latex/graphics\graphics.sty
Package: graphics 2019/10/08 v1.3c Standard LaTeX Graphics (DPC,SPQR)
 (C:\LaTex\tex/latex/graphics\trig.sty
Package: trig 2016/01/03 v1.10 sin cos tan (DPC)
) (C:\LaTex\tex/latex/graphics-cfg\graphics.cfg
File: graphics.cfg 2016/06/04 v1.11 sample graphics configuration
)
Package graphics Info: Driver file: pdftex.def on input line 105.
 (C:\LaTex\tex/latex/graphics-def\pdftex.def
File: pdftex.def 2018/01/08 v1.0l Graphics/color driver for pdftex
))
\Gin@req@height=\dimen104
\Gin@req@width=\dimen105
) (C:\LaTex\tex/latex/hyperref\hyperref.sty
Package: hyperref 2019/09/28 v7.00a Hypertext links for LaTeX
 (C:\LaTex\tex/generic/oberdiek\hobsub-hyperref.sty
Package: hobsub-hyperref 2019/10/27
hobsub not currently supported, see hobsub.dtx to extract original code
 (C:\LaTex\tex/generic/oberdiek\ltxcmds.sty
Package: ltxcmds 2016/05/16 v1.23 LaTeX kernel commands for general use (HO)
) (C:\LaTex\tex/generic/iftex\ifvtex.sty
Package: ifvtex 2019/10/25 v1.7 ifvtex legacy package. Use iftex instead.
 (C:\LaTex\tex/generic/iftex\iftex.sty
Package: iftex 2019/10/24 v1.0a TeX engine tests
)) (C:\LaTex\tex/generic/oberdiek\pdftexcmds.sty
Package: pdftexcmds 2019/07/25 v0.30 Utility functions of pdfTeX for LuaTeX (HO)
 (C:\LaTex\tex/generic/oberdiek\infwarerr.sty
Package: infwarerr 2016/05/16 v1.4 Providing info/warning/error messages (HO)
) (C:\LaTex\tex/generic/iftex\ifluatex.sty
Package: ifluatex 2019/10/25 v1.5 ifluatex legacy package. Use iftex instead.
) (C:\LaTex\tex/generic/iftex\ifpdf.sty
Package: ifpdf 2019/10/25 v3.4 ifpdf legacy package. Use iftex instead.
)
Package pdftexcmds Info: LuaTeX not detected.
Package pdftexcmds Info: \pdf@primitive is available.
Package pdftexcmds Info: \pdf@ifprimitive is available.
Package pdftexcmds Info: \pdfdraftmode found.
) (C:\LaTex\tex/generic/oberdiek\kvsetkeys.sty
Package: kvsetkeys 2016/05/16 v1.17 Key value parser (HO)
 (C:\LaTex\tex/generic/oberdiek\etexcmds.sty
Package: etexcmds 2016/05/16 v1.6 Avoid name clashes with e-TeX commands (HO)
)) (C:\LaTex\tex/generic/oberdiek\kvdefinekeys.sty
Package: kvdefinekeys 2016/05/16 v1.4 Define keys (HO)
) (C:\LaTex\tex/generic/oberdiek\pdfescape.sty
Package: pdfescape 2016/05/16 v1.14 Implements pdfTeX's escape features (HO)
) (C:\LaTex\tex/latex/oberdiek\hycolor.sty
Package: hycolor 2016/05/16 v1.8 Color options for hyperref/bookmark (HO)
 (C:\LaTex\tex/latex/oberdiek\xcolor-patch.sty
Package: xcolor-patch 2016/05/16 xcolor patch
 (C:\LaTex\tex/latex/oberdiek\hopatch.sty
Package: hopatch 2016/05/16 v1.3 Wrapper for package hooks (HO)
))) (C:\LaTex\tex/latex/oberdiek\letltxmacro.sty
Package: letltxmacro 2016/05/16 v1.5 Let assignment for LaTeX macros (HO)
)) (C:\LaTex\tex/latex/oberdiek\auxhook.sty
Package: auxhook 2016/05/16 v1.4 Hooks for auxiliary files (HO)
) (C:\LaTex\tex/generic/iftex\ifxetex.sty
Package: ifxetex 2019/10/25 v0.7 ifxetex legacy package. Use iftex instead.
) (C:\LaTex\tex/latex/oberdiek\kvoptions.sty
Package: kvoptions 2016/05/16 v3.12 Key value format for package options (HO)
)
\@linkdim=\dimen106
\Hy@linkcounter=\count94
\Hy@pagecounter=\count95
 (C:\LaTex\tex/latex/hyperref\pd1enc.def
File: pd1enc.def 2019/09/28 v7.00a Hyperref: PDFDocEncoding definition (HO)
Now handling font encoding PD1 ...
... no UTF-8 mapping file for font encoding PD1
) (C:\LaTex\tex/generic/oberdiek\intcalc.sty
Package: intcalc 2016/05/16 v1.2 Expandable calculations with integers (HO)
)
\Hy@SavedSpaceFactor=\count96
 (C:\LaTex\tex/latex/00miktex\hyperref.cfg
File: hyperref.cfg 2002/06/06 v1.2 hyperref configuration of TeXLive
)
Package hyperref Info: Hyper figures OFF on input line 4540.
Package hyperref Info: Link nesting OFF on input line 4545.
Package hyperref Info: Hyper index ON on input line 4548.
Package hyperref Info: Plain pages OFF on input line 4555.
Package hyperref Info: Backreferencing OFF on input line 4560.
Package hyperref Info: Implicit mode ON; LaTeX internals redefined.
Package hyperref Info: Bookmarks ON on input line 4793.
\c@Hy@tempcnt=\count97
 (C:\LaTex\tex/latex/url\url.sty
\Urlmuskip=\muskip10
Package: url 2013/09/16  ver 3.4  Verb mode for urls, etc.
)
LaTeX Info: Redefining \url on input line 5152.
\XeTeXLinkMargin=\dimen107
 (C:\LaTex\tex/generic/oberdiek\bitset.sty
Package: bitset 2016/05/16 v1.2 Handle bit-vector datatype (HO)
 (C:\LaTex\tex/generic/oberdiek\bigintcalc.sty
Package: bigintcalc 2016/05/16 v1.4 Expandable calculations on big integers (HO)
))
\Fld@menulength=\count98
\Field@Width=\dimen108
\Fld@charsize=\dimen109
Package hyperref Info: Hyper figures OFF on input line 6423.
Package hyperref Info: Link nesting OFF on input line 6428.
Package hyperref Info: Hyper index ON on input line 6431.
Package hyperref Info: backreferencing OFF on input line 6438.
Package hyperref Info: Link coloring OFF on input line 6443.
Package hyperref Info: Link coloring with OCG OFF on input line 6448.
Package hyperref Info: PDF/A mode OFF on input line 6453.
LaTeX Info: Redefining \ref on input line 6493.
LaTeX Info: Redefining \pageref on input line 6497.
 (C:\LaTex\tex/generic/oberdiek\atbegshi.sty
Package: atbegshi 2016/06/09 v1.18 At begin shipout hook (HO)
)
\Hy@abspage=\count99
\c@Item=\count100
\c@Hfootnote=\count101
)
Package hyperref Info: Driver (autodetected): hpdftex.
 (C:\LaTex\tex/latex/hyperref\hpdftex.def
File: hpdftex.def 2019/09/28 v7.00a Hyperref driver for pdfTeX
 (C:\LaTex\tex/latex/oberdiek\atveryend.sty
Package: atveryend 2016/05/16 v1.9 Hooks at the very end of document (HO)
Package atveryend Info: \enddocument detected (standard20110627).
)
\Fld@listcount=\count102
\c@bookmark@seq@number=\count103
 (C:\LaTex\tex/latex/oberdiek\rerunfilecheck.sty
Package: rerunfilecheck 2016/05/16 v1.8 Rerun checks for auxiliary files (HO)
 (C:\LaTex\tex/generic/oberdiek\uniquecounter.sty
Package: uniquecounter 2016/05/16 v1.3 Provide unlimited unique counter (HO)
)
Package uniquecounter Info: New unique counter `rerunfilecheck' on input line 282.
)
\Hy@SectionHShift=\skip43
) (C:\LaTex\tex/latex/xcolor\xcolor.sty
Package: xcolor 2016/05/11 v2.12 LaTeX color extensions (UK)
 (C:\LaTex\tex/latex/graphics-cfg\color.cfg
File: color.cfg 2016/01/02 v1.6 sample color configuration
)
Package xcolor Info: Driver file: pdftex.def on input line 225.
Package xcolor Info: Model `cmy' substituted by `cmy0' on input line 1348.
Package xcolor Info: Model `hsb' substituted by `rgb' on input line 1352.
Package xcolor Info: Model `RGB' extended on input line 1364.
Package xcolor Info: Model `HTML' substituted by `rgb' on input line 1366.
Package xcolor Info: Model `Hsb' substituted by `hsb' on input line 1367.
Package xcolor Info: Model `tHsb' substituted by `hsb' on input line 1368.
Package xcolor Info: Model `HSB' substituted by `hsb' on input line 1369.
Package xcolor Info: Model `Gray' substituted by `gray' on input line 1370.
Package xcolor Info: Model `wave' substituted by `hsb' on input line 1371.
) (C:\LaTex\tex/latex/cite\cite.sty
LaTeX Info: Redefining \cite on input line 302.
LaTeX Info: Redefining \nocite on input line 332.
Package: cite 2015/02/27  v 5.5
) (C:\LaTex\tex/latex/float\float.sty
Package: float 2001/11/08 v1.3d Float enhancements (AL)
\c@float@type=\count104
\float@exts=\toks18
\float@box=\box27
\@float@everytoks=\toks19
\@floatcapt=\box28
) (C:\LaTex\tex/latex/pdfpages\pdfpages.sty
Package: pdfpages 2019/09/21 v0.5n Insert pages of external PDF documents (AM)
 (C:\LaTex\tex/latex/base\ifthen.sty
Package: ifthen 2014/09/29 v1.1c Standard LaTeX ifthen package (DPC)
) (C:\LaTex\tex/latex/tools\calc.sty
Package: calc 2017/05/25 v4.3 Infix arithmetic (KKT,FJ)
\calc@Acount=\count105
\calc@Bcount=\count106
\calc@Adimen=\dimen110
\calc@Bdimen=\dimen111
\calc@Askip=\skip44
\calc@Bskip=\skip45
LaTeX Info: Redefining \setlength on input line 80.
LaTeX Info: Redefining \addtolength on input line 81.
\calc@Ccount=\count107
\calc@Cskip=\skip46
) (C:\LaTex\tex/latex/eso-pic\eso-pic.sty
Package: eso-pic 2018/04/12 v2.0h eso-pic (RN)
)
\AM@pagewidth=\dimen112
\AM@pageheight=\dimen113
 (C:\LaTex\tex/latex/pdfpages\pppdftex.def
File: pppdftex.def 2019/09/21 v0.5n Pdfpages driver for pdfTeX (AM)
)
\AM@pagebox=\box29
\AM@global@opts=\toks20
\AM@toc@title=\toks21
\c@AM@survey=\count108
\AM@templatesizebox=\box30
) (C:\LaTex\tex/latex/booktabs\booktabs.sty
Package: booktabs 2019/10/08 v1.6180339 publication quality tables
\heavyrulewidth=\dimen114
\lightrulewidth=\dimen115
\cmidrulewidth=\dimen116
\belowrulesep=\dimen117
\belowbottomsep=\dimen118
\aboverulesep=\dimen119
\abovetopsep=\dimen120
\cmidrulesep=\dimen121
\cmidrulekern=\dimen122
\defaultaddspace=\dimen123
\@cmidla=\count109
\@cmidlb=\count110
\@aboverulesep=\dimen124
\@belowrulesep=\dimen125
\@thisruleclass=\count111
\@lastruleclass=\count112
\@thisrulewidth=\dimen126
) (C:\LaTex\tex/latex/enumitem\enumitem.sty
Package: enumitem 2019/06/20 v3.9 Customized lists
\labelindent=\skip47
\enit@outerparindent=\dimen127
\enit@toks=\toks22
\enit@inbox=\box31
\enit@count@id=\count113
\enitdp@description=\count114
) (C:\LaTex\tex/latex/blindtext\blindtext.sty
Package: blindtext 2012/01/06 V2.0 blindtext-Package
 (C:\LaTex\tex/latex/tools\xspace.sty
Package: xspace 2014/10/28 v1.13 Space after command names (DPC,MH)
)
\c@blindtext=\count115
\c@Blindtext=\count116
\c@blind@countparstart=\count117
\blind@countxx=\count118
\blindtext@numBlindtext=\count119
\blind@countyy=\count120
\c@blindlist=\count121
\c@blindlistlevel=\count122
\c@blindlist@level=\count123
\blind@listitem=\count124
\c@blind@listcount=\count125
\c@blind@levelcount=\count126
\blind@mathformula=\count127
\blind@Mathformula=\count128
\c@blind@randomcount=\count129
\c@blind@randommax=\count130
\c@blind@pangramcount=\count131
\c@blind@pangrammax=\count132
) (C:\LaTex\tex/latex/tools\array.sty
Package: array 2019/08/31 v2.4l Tabular extension package (FMi)
\col@sep=\dimen128
\ar@mcellbox=\box32
\extrarowheight=\dimen129
\NC@list=\toks23
\extratabsurround=\skip48
\backup@length=\skip49
\ar@cellbox=\box33
) (C:\LaTex\tex/latex/tools\longtable.sty
Package: longtable 2019/02/06 v4.12 Multi-page Table package (DPC)
\LTleft=\skip50
\LTright=\skip51
\LTpre=\skip52
\LTpost=\skip53
\LTchunksize=\count133
\LTcapwidth=\dimen130
\LT@head=\box34
\LT@firsthead=\box35
\LT@foot=\box36
\LT@lastfoot=\box37
\LT@cols=\count134
\LT@rows=\count135
\c@LT@tables=\count136
\c@LT@chunks=\count137
\LT@p@ftn=\toks24
) (C:\LaTex\tex/latex/setspace\setspace.sty
Package: setspace 2011/12/19 v6.7a set line spacing
) (C:\LaTex\tex/latex/listings\listings.sty
\lst@mode=\count138
\lst@gtempboxa=\box38
\lst@token=\toks25
\lst@length=\count139
\lst@currlwidth=\dimen131
\lst@column=\count140
\lst@pos=\count141
\lst@lostspace=\dimen132
\lst@width=\dimen133
\lst@newlines=\count142
\lst@lineno=\count143
\lst@maxwidth=\dimen134
 (C:\LaTex\tex/latex/listings\lstmisc.sty
File: lstmisc.sty 2019/09/10 1.8c (Carsten Heinz)
\c@lstnumber=\count144
\lst@skipnumbers=\count145
\lst@framebox=\box39
) (C:\LaTex\tex/latex/listings\listings.cfg
File: listings.cfg 2019/09/10 1.8c listings configuration
))
Package: listings 2019/09/10 1.8c (Carsten Heinz)
\@notefile=\write3
\openout3 = `main.ent'.


Writing note file main.ent
(c:/Users\CST7\OneDrive\DAW2\Angular\Documentación\main.aux)
\openout1 = `main.aux'.

LaTeX Font Info:    Checking defaults for OML/cmm/m/it on input line 77.
LaTeX Font Info:    ... okay on input line 77.
LaTeX Font Info:    Checking defaults for T1/cmr/m/n on input line 77.
LaTeX Font Info:    ... okay on input line 77.
LaTeX Font Info:    Checking defaults for OT1/cmr/m/n on input line 77.
LaTeX Font Info:    ... okay on input line 77.
LaTeX Font Info:    Checking defaults for OMS/cmsy/m/n on input line 77.
LaTeX Font Info:    ... okay on input line 77.
LaTeX Font Info:    Checking defaults for OMX/cmex/m/n on input line 77.
LaTeX Font Info:    ... okay on input line 77.
LaTeX Font Info:    Checking defaults for U/cmr/m/n on input line 77.
LaTeX Font Info:    ... okay on input line 77.
LaTeX Font Info:    Checking defaults for PD1/pdf/m/n on input line 77.
LaTeX Font Info:    ... okay on input line 77.
LaTeX Info: Redefining \. on input line 77.
LaTeX Info: Redefining \% on input line 77.
 (C:\LaTex\tex/context/base/mkii\supp-pdf.mkii
[Loading MPS to PDF converter (version 2006.09.02).]
\scratchcounter=\count146
\scratchdimen=\dimen135
\scratchbox=\box40
\nofMPsegments=\count147
\nofMParguments=\count148
\everyMPshowfont=\toks26
\MPscratchCnt=\count149
\MPscratchDim=\dimen136
\MPnumerator=\count150
\makeMPintoPDFobject=\count151
\everyMPtoPDFconversion=\toks27
) (C:\LaTex\tex/latex/oberdiek\epstopdf-base.sty
Package: epstopdf-base 2016/05/15 v2.6 Base part for package epstopdf
 (C:\LaTex\tex/latex/oberdiek\grfext.sty
Package: grfext 2016/05/16 v1.2 Manage graphics extensions (HO)
)
Package epstopdf-base Info: Redefining graphics rule for `.eps' on input line 438.
Package grfext Info: Graphics extension search list:
(grfext)             [.pdf,.png,.jpg,.mps,.jpeg,.jbig2,.jb2,.PDF,.PNG,.JPG,.JPEG,.JBIG2,.JB2,.eps]
(grfext)             \AppendGraphicsExtensions on input line 456.
)
\AtBeginShipoutBox=\box41
Package hyperref Info: Link coloring OFF on input line 77.
 (C:\LaTex\tex/latex/hyperref\nameref.sty
Package: nameref 2019/09/16 v2.46 Cross-referencing by name of section
 (C:\LaTex\tex/latex/oberdiek\refcount.sty
Package: refcount 2016/05/16 v3.5 Data extraction from label references (HO)
) (C:\LaTex\tex/generic/oberdiek\gettitlestring.sty
Package: gettitlestring 2016/05/16 v1.5 Cleanup title references (HO)
)
\c@section@level=\count152
)
LaTeX Info: Redefining \ref on input line 77.
LaTeX Info: Redefining \pageref on input line 77.
LaTeX Info: Redefining \nameref on input line 77.
\@outlinefile=\write4
\openout4 = `main.out'.

 (C:\LaTex\tex/latex/oberdiek\pdflscape.sty
Package: pdflscape 2016/05/14 v0.11 Display of landscape pages in PDF (HO)
 (C:\LaTex\tex/latex/graphics\lscape.sty
Package: lscape 2000/10/22 v3.01 Landscape Pages (DPC)
)
Package pdflscape Info: Auto-detected driver: pdftex on input line 81.
)
\c@lstlisting=\count153
<logos/angular.jpg, id=3, 225.84375pt x 225.84375pt>
File: logos/angular.jpg Graphic file (type jpg)
<use logos/angular.jpg>
Package pdftex.def Info: logos/angular.jpg  used on input line 87.
(pdftex.def)             Requested size: 225.84319pt x 225.84319pt.
 [1


{C:/Users/CST7/AppData/Local/MiKTeX/2.9/pdftex/config/pdftex.map} <c:/Users/CST7/OneDrive/DAW2/Angular/Documentación/logos/angular.jpg>]
\tf@toc=\write5
\openout5 = `main.toc'.

 [2

]
Cap\'{\i }tulo 1.
[3


]
Cap\'{\i }tulo 2.
<logos/Screenshot_1.png, id=26, 916.1728pt x 73.77562pt>
File: logos/Screenshot_1.png Graphic file (type png)
<use logos/Screenshot_1.png>
Package pdftex.def Info: logos/Screenshot_1.png  used on input line 141.
(pdftex.def)             Requested size: 916.17056pt x 73.77542pt.

Overfull \hbox (446.7001pt too wide) in paragraph at lines 141--142
 [][] 
 []

c:/Users/CST7/OneDrive/DAW2/Angular/Documentación/main.tex:147: Missing $ inserted.
<inserted text> 
                $
l.147   ng new nombre_
                      proyecto_angular
I've inserted a begin-math/end-math symbol since I think
you left one out. Proceed, with fingers crossed.

LaTeX Font Info:    External font `cmex10' loaded for size
(Font)              <7> on input line 147.
LaTeX Font Info:    External font `cmex10' loaded for size
(Font)              <5> on input line 147.
c:/Users/CST7/OneDrive/DAW2/Angular/Documentación/main.tex:148: Missing $ inserted.
<inserted text> 
                $
l.148 
      
I've inserted a begin-math/end-math symbol since I think
you left one out. Proceed, with fingers crossed.

c:/Users/CST7/OneDrive/DAW2/Angular/Documentación/main.tex:148: Missing } inserted.
<inserted text> 
                }
l.148 
      
I've inserted something that you may have forgotten.
(See the <inserted text> above.)
With luck, this will get me unwedged. But if you
really didn't forget anything, try typing `2' now; then
my insertion and my current dilemma will both disappear.

c:/Users/CST7/OneDrive/DAW2/Angular/Documentación/main.tex:148: Extra }, or forgotten \endgroup.
\par ...m \@noitemerr {\@@par }\fi \else {\@@par }
                                                  \fi 
l.148 
      
I've deleted a group-closing symbol because it seems to be
spurious, as in `$x}$'. But perhaps the } is legitimate and
you forgot something else, as in `\hbox{$x}'. In such cases
the way to recover is to insert both the forgotten and the
deleted material, e.g., by typing `I$}'.

<logos/ng.png, id=28, 601.4972pt x 127.22531pt>
File: logos/ng.png Graphic file (type png)
<use logos/ng.png>
Package pdftex.def Info: logos/ng.png  used on input line 149.
(pdftex.def)             Requested size: 601.49573pt x 127.22499pt.

Overfull \hbox (132.02527pt too wide) in paragraph at lines 149--150
 [][] 
 []

[4

 <c:/Users/CST7/OneDrive/DAW2/Angular/Documentación/logos/Screenshot_1.png> <c:/Users/CST7/OneDrive/DAW2/Angular/Documentación/logos/ng.png>]
Cap\'{\i }tulo 3.
LaTeX Font Info:    Trying to load font information for OMS+cmr on input line 162.
(C:\LaTex\tex/latex/base\omscmr.fd
File: omscmr.fd 2014/09/29 v2.5h Standard LaTeX font definitions
)
LaTeX Font Info:    Font shape `OMS/cmr/m/n' in size <10> not available
(Font)              Font shape `OMS/cmsy/m/n' tried instead on input line 162.
 [5

]
Overfull \hbox (5.53415pt too wide) in paragraph at lines 238--239
[][][][][][][][][][][][][][][][][][][][][][][][][] 
 []


Overfull \hbox (149.53561pt too wide) in paragraph at lines 239--240
[][][][][][][][][][][][][][][][][][][][][][][][][][][][][][][] 
 []


Overfull \hbox (293.53708pt too wide) in paragraph at lines 240--241
[][][][][][][][][][][][][][][][][][][][][][][][][][][][][][][][][][][][][] 
 []


Overfull \hbox (149.53561pt too wide) in paragraph at lines 247--248
[][][][][][][][][][][][][][][][][][][][][][][][][][][][][][][][][][][][][][][][][][][] 
 []


Overfull \hbox (83.53494pt too wide) in paragraph at lines 249--250
[][][][][][][][][][][][][][][][][][][][][][][][][][][][][][][][][][][] 
 []

LaTeX Info: Redefining \. on input line 263.
LaTeX Info: Redefining \% on input line 263.
[6]
<logos/comandos.png, id=145, 517.18219pt x 119.69719pt>
File: logos/comandos.png Graphic file (type png)
<use logos/comandos.png>
Package pdftex.def Info: logos/comandos.png  used on input line 268.
(pdftex.def)             Requested size: 517.18092pt x 119.69688pt.

Overfull \hbox (72.7105pt too wide) in paragraph at lines 267--269
[] 
 []


Underfull \hbox (badness 10000) in paragraph at lines 267--269

 []

<logos/comandos2.png, id=146, 697.10437pt x 187.45032pt>
File: logos/comandos2.png Graphic file (type png)
<use logos/comandos2.png>
Package pdftex.def Info: logos/comandos2.png  used on input line 272.
(pdftex.def)             Requested size: 697.10266pt x 187.44984pt.

Overfull \hbox (252.63223pt too wide) in paragraph at lines 271--273
[] 
 []

<logos/carpeta.png, id=147, 158.84344pt x 123.46124pt>
File: logos/carpeta.png Graphic file (type png)
<use logos/carpeta.png>
Package pdftex.def Info: logos/carpeta.png  used on input line 278.
(pdftex.def)             Requested size: 158.84305pt x 123.46092pt.
[7 <c:/Users/CST7/OneDrive/DAW2/Angular/Documentación/logos/comandos.png> <c:/Users/CST7/OneDrive/DAW2/Angular/Documentación/logos/comandos2.png> <c:/Users/CST7/OneDrive/DAW2/Angular/Documentación/logos/carpeta.png>]
LaTeX Font Info:    Trying to load font information for OML+cmr on input line 289.
 (C:\LaTex\tex/latex/base\omlcmr.fd
File: omlcmr.fd 2014/09/29 v2.5h Standard LaTeX font definitions
)
LaTeX Font Info:    Font shape `OML/cmr/m/n' in size <10> not available
(Font)              Font shape `OML/cmm/m/it' tried instead on input line 289.
LaTeX Info: Redefining \. on input line 342.
LaTeX Info: Redefining \% on input line 342.
 [8]
<logos/contenido_carpeta.png, id=200, 143.78719pt x 302.63063pt>
File: logos/contenido_carpeta.png Graphic file (type png)
<use logos/contenido_carpeta.png>
Package pdftex.def Info: logos/contenido_carpeta.png  used on input line 355.
(pdftex.def)             Requested size: 143.78683pt x 302.62988pt.
 [9 <c:/Users/CST7/OneDrive/DAW2/Angular/Documentación/logos/contenido_carpeta.png>]
Underfull \hbox (badness 2913) in paragraph at lines 385--386
[]\OT1/cmr/m/sc/10 ?`Cada cu[]anto so-le-mos re-no-var el m[]ovil en Es-pa[]na? \OT1/cmr/m/n/10 [[][]$\OT1/cmr/m/it/10 http : / / byemovil . com /
 []

Package atveryend Info: Empty hook `BeforeClearDocument' on input line 390.
[10

]
Package atveryend Info: Empty hook `AfterLastShipout' on input line 390.
 (c:/Users\CST7\OneDrive\DAW2\Angular\Documentación\main.aux
LaTeX Info: Redefining \. on input line 24.
LaTeX Info: Redefining \% on input line 24.
)
Package atveryend Info: Executing hook `AtVeryEndDocument' on input line 390.
Package atveryend Info: Executing hook `AtEndAfterFileList' on input line 390.


Package rerunfilecheck Warning: File `main.out' has changed.
(rerunfilecheck)                Rerun to get outlines right
(rerunfilecheck)                or use package `bookmark'.

Package rerunfilecheck Info: Checksums for `main.out':
(rerunfilecheck)             Before: <no file>
(rerunfilecheck)             After:  D78D27F2F69E771A2AFEAE1A90679226;523.

LaTeX Warning: Label(s) may have changed. Rerun to get cross-references right.

Package atveryend Info: Empty hook `AtVeryVeryEnd' on input line 390.
 ) 
Here is how much of TeX's memory you used:
 10147 strings out of 492453
 144120 string characters out of 3138671
 295698 words of memory out of 3000000
 14141 multiletter control sequences out of 15000+200000
 7335 words of font info for 26 fonts, out of 3000000 for 9000
 1141 hyphenation exceptions out of 8191
 46i,6n,37p,425b,1315s stack positions out of 5000i,500n,10000p,200000b,50000s
<C:/LaTex/fonts/type1/public/amsfonts/cm/cmbx10.pfb><C:/LaTex/fonts/type1/public/amsfonts/cm/cmbx12.pfb><C:/LaTex/fonts/type1/public/amsfonts/cm/cmcsc10.pfb><C:/LaTex/fonts/type1/public/amsfonts/cm/cmmi10.pfb><C:/LaTex/fonts/type1/public/amsfonts/cm/cmmi7.pfb><C:/LaTex/fonts/type1/public/amsfonts/cm/cmr10.pfb><C:/LaTex/fonts/type1/public/amsfonts/cm/cmsl10.pfb><C:/LaTex/fonts/type1/public/amsfonts/cm/cmssbx10.pfb><C:/LaTex/fonts/type1/public/amsfonts/cm/cmsy10.pfb><C:/LaTex/fonts/type1/public/amsfonts/cm/cmti10.pfb>
Output written on c:/Users\CST7\OneDrive\DAW2\Angular\Documentación\main.pdf (10 pages, 269813 bytes).
PDF statistics:
 325 PDF objects out of 1000 (max. 8388607)
 179 named destinations out of 1000 (max. 500000)
 36 words of extra memory for PDF output out of 10000 (max. 10000000)

